[24May2025 17:01:32.654] [main/INFO] [FabricLoader/GameProvider/]: Loading Minecraft 1.21.1 Arclight arclight-1.21.1-1.0.1-SNAPSHOT-e9dd116 with Fabric Loader 0.16.10
mainEx[24May2025 17:01:33.541] [main/INFO] [FabricLoader/]: Loading 153 mods:
	- arclight 1.0.1-SNAPSHOT+e9dd116
	   \-- fabric-permissions-api-v0 0.3.1
	- collective 8.3
	- fabric-api 0.115.6+1.21.1
	   |-- fabric-api-base 0.4.42+6573ed8c19
	   |-- fabric-api-lookup-api-v1 1.6.70+b559734419
	   |-- fabric-biome-api-v1 13.0.31+d527f9fd19
	   |-- fabric-block-api-v1 1.0.22+0af3f5a719
	   |-- fabric-block-view-api-v2 1.0.11+ebb2264e19
	   |-- fabric-blockrenderlayer-v1 1.1.52+0af3f5a719
	   |-- fabric-client-tags-api-v1 1.1.15+6573ed8c19
	   |-- fabric-command-api-v1 1.2.49+f71b366f19
	   |-- fabric-command-api-v2 2.2.28+6ced4dd919
	   |-- fabric-commands-v0 0.2.66+df3654b319
	   |-- fabric-content-registries-v0 8.0.18+b559734419
	   |-- fabric-convention-tags-v1 2.1.4+7f945d5b19
	   |-- fabric-convention-tags-v2 2.11.0+a406e79519
	   |-- fabric-crash-report-info-v1 0.2.29+0af3f5a719
	   |-- fabric-data-attachment-api-v1 1.4.3+a15b7ead19
	   |-- fabric-data-generation-api-v1 20.2.28+16c4ae2519
	   |-- fabric-dimensions-v1 4.0.0+6fc22b9919
	   |-- fabric-entity-events-v1 1.7.0+2122d82819
	   |-- fabric-events-interaction-v0 0.7.13+ba9dae0619
	   |-- fabric-game-rule-api-v1 1.0.53+6ced4dd919
	   |-- fabric-item-api-v1 11.1.1+d5debaed19
	   |-- fabric-item-group-api-v1 4.1.7+def88e3a19
	   |-- fabric-key-binding-api-v1 1.0.47+0af3f5a719
	   |-- fabric-keybindings-v0 0.2.45+df3654b319
	   |-- fabric-lifecycle-events-v1 2.5.0+01d9a51c19
	   |-- fabric-loot-api-v2 3.0.15+3f89f5a519
	   |-- fabric-loot-api-v3 1.0.3+3f89f5a519
	   |-- fabric-message-api-v1 6.0.13+6573ed8c19
	   |-- fabric-model-loading-api-v1 2.0.0+fe474d6b19
	   |-- fabric-networking-api-v1 4.3.0+c7469b2119
	   |-- fabric-object-builder-api-v1 15.2.1+40875a9319
	   |-- fabric-particles-v1 4.0.2+6573ed8c19
	   |-- fabric-recipe-api-v1 5.0.14+248df81c19
	   |-- fabric-registry-sync-v0 5.2.0+34f5d91419
	   |-- fabric-renderer-api-v1 3.4.0+c705a49c19
	   |-- fabric-renderer-indigo 1.7.0+c705a49c19
	   |-- fabric-renderer-registries-v1 3.2.68+df3654b319
	   |-- fabric-rendering-data-attachment-v1 0.3.49+73761d2e19
	   |-- fabric-rendering-fluids-v1 3.1.6+1daea21519
	   |-- fabric-rendering-v0 1.1.71+df3654b319
	   |-- fabric-rendering-v1 5.0.5+df16efd019
	   |-- fabric-resource-conditions-api-v1 4.3.0+8dc279b119
	   |-- fabric-resource-loader-v0 1.3.1+5b5275af19
	   |-- fabric-screen-api-v1 2.0.25+8b68f1c719
	   |-- fabric-screen-handler-api-v1 1.3.88+b559734419
	   |-- fabric-sound-api-v1 1.0.23+6573ed8c19
	   |-- fabric-transfer-api-v1 5.4.2+c24bd99419
	   \-- fabric-transitive-access-wideners-v1 6.2.0+45b9699719
	- fabricloader 0.16.10
	   \-- mixinextras 0.4.1
	- fallingtree 1.21.1.7
	- floodgate 2.2.4-SNAPSHOT
	   |-- aopalliance_aopalliance 1.0
	   |-- cloud 2.0.0-beta.7
	   |    |-- fabric-permissions-api-v0 0.3.1
	   |    |-- io_leangen_geantyref_geantyref 1.3.15
	   |    |-- org_incendo_cloud-brigadier 2.0.0-beta.8
	   |    |-- org_incendo_cloud-core 2.0.0-rc.2
	   |    |-- org_incendo_cloud-minecraft-modded-common-fabric-repack_ 2.0.0-beta.7
	   |    \-- org_incendo_cloud-services 2.0.0-rc.2
	   |-- com_google_guava_failureaccess 1.0.1
	   |-- jakarta_inject_jakarta_inject-api 2.0.1
	   |-- javax_inject_javax_inject 1
	   |-- org_geysermc_cumulus_cumulus 1.1.2
	   |-- org_geysermc_event_events 1.1-SNAPSHOT
	   |-- org_geysermc_geyser_common_unshaded 2.2.1-SNAPSHOT
	   |-- org_java-websocket_java-websocket 1.5.2
	   \-- org_lanternpowered_lmbda 2.0.0
	- geyser-fabric 2.4.4-SNAPSHOT
	   |-- cloud 2.0.0-beta.7
	   |    |-- fabric-permissions-api-v0 0.3.1
	   |    |-- io_leangen_geantyref_geantyref 1.3.15
	   |    |-- org_incendo_cloud-brigadier 2.0.0-beta.8
	   |    |-- org_incendo_cloud-core 2.0.0-rc.2
	   |    |-- org_incendo_cloud-minecraft-modded-common-fabric-repack_ 2.0.0-beta.7
	   |    \-- org_incendo_cloud-services 2.0.0-rc.2
	   |-- com_fasterxml_jackson_core_jackson-annotations 2.17.0
	   |-- com_fasterxml_jackson_core_jackson-core 2.17.0
	   |-- com_fasterxml_jackson_core_jackson-databind 2.17.0
	   |-- com_fasterxml_jackson_dataformat_jackson-dataformat-yaml 2.17.0
	   |-- com_google_errorprone_error_prone_annotations 2.27.0
	   |-- com_nukkitx_natives 1.0.3
	   |-- io_airlift_aircompressor 0.25
	   |-- io_jsonwebtoken_jjwt-api 0.12.6
	   |-- io_jsonwebtoken_jjwt-gson 0.12.6
	   |-- io_jsonwebtoken_jjwt-impl 0.12.6
	   |-- io_netty_netty-codec-dns 4.1.107
	   |-- io_netty_netty-codec-haproxy 4.1.107
	   |-- io_netty_netty-resolver-dns-classes-macos 4.1.107
	   |-- net_bytebuddy_byte-buddy 1.14.9
	   |-- net_jodah_expiringmap 0.5.10
	   |-- net_kyori_adventure-nbt 4.15.0
	   |-- net_kyori_adventure-text-serializer-json-legacy-impl 4.15.0
	   |-- net_kyori_adventure-text-serializer-legacy 4.15.0
	   |-- net_kyori_examination-api 1.3.0
	   |-- net_kyori_examination-string 1.3.0
	   |-- net_kyori_option 1.0.0
	   |-- net_lenni0451_commons_httpclient 1.6.0
	   |-- net_raphimc_minecraftauth 4.1.1
	   |-- org_bitbucket_b_c_jose4j 0.9.6
	   |-- org_cloudburstmc_math_api 2.0
	   |-- org_cloudburstmc_math_immutable 2.0
	   |-- org_cloudburstmc_nbt 3.0.3
	   |-- org_geysermc_api_base-api 1.0.1
	   |-- org_geysermc_cumulus_cumulus 1.1.2
	   |-- org_geysermc_event_events 1.1-SNAPSHOT
	   |-- org_lanternpowered_lmbda 2.0.0
	   \-- org_yaml_snakeyaml 2.2
	- huskhomes 4.9.4
	   |-- adventure-platform-fabric 5.14.1
	   |    |-- net_kyori_adventure-api 4.17.0
	   |    |-- net_kyori_adventure-key 4.17.0
	   |    |-- net_kyori_adventure-platform-api 4.3.3
	   |    |-- net_kyori_adventure-text-logger-slf4j 4.17.0
	   |    |-- net_kyori_adventure-text-minimessage 4.17.0
	   |    |-- net_kyori_adventure-text-serializer-ansi 4.17.0
	   |    |-- net_kyori_adventure-text-serializer-gson 4.17.0
	   |    |-- net_kyori_adventure-text-serializer-json 4.17.0
	   |    |-- net_kyori_adventure-text-serializer-plain 4.17.0
	   |    |-- net_kyori_ansi 1.1.0
	   |    |-- net_kyori_examination-api 1.3.0
	   |    |-- net_kyori_examination-string 1.3.0
	   |    \-- net_kyori_option 1.0.0
	   |-- com_fatboyindustrial_gson-javatime-serialisers_gso6b8820f28ed4bb 1.1.2
	   |-- com_google_code_gson_gson 2.12.1
	   |-- com_h2database_h2 2.3.232
	   |-- com_mysql_mysql-connector-j 9.2.0
	   |-- com_zaxxer_hikaricp 6.2.1
	   |-- commons-io_commons-io 2.18.0
	   |-- de_exlll_configlib-core 4.5.0
	   |-- de_exlll_configlib-yaml 4.5.0
	   |-- fabric-permissions-api-v0 0.3.1
	   |-- huskhomes_common 4.9.4
	   |-- net_impactdev_impactor_api_economy_dev-slim 5.3.0
	   |-- net_william278_desertwell 2.0.4
	   |-- net_william278_minedown 1.8.2
	   |-- net_william278_paginedown 1.1.2
	   |-- org_apache_commons_commons-pool2 2.12.1
	   |-- org_apache_commons_commons-text 1.13.0
	   |-- org_mariadb_jdbc_mariadb-java-client 3.5.2
	   |-- org_snakeyaml_snakeyaml-engine 2.7
	   |-- org_xerial_sqlite-jdbc 3.49.1.0
	   |-- placeholder-api 2.4.2+1.21
	   |-- redis_clients_jedis 5.2.0
	   \-- toilet 1.0.12
	- incendium 5.4.3
	- jade 15.10.0+fabric
	- java 21
	- ksyxis 1.3.3
	- minecraft 1.21.1
	- mr_vanilla_backpacks 1.3.1
	- nullscape 1.2.11
	- skinrestorer 2.3.0+1.21-fabric
	   \-- org_mineskin_java-client 3.0.1-SNAPSHOT
	- skinshuffle 2.9.0+1.21
	   |-- com_drewnoakes_metadata-extractor 2.19.0
	   |-- com_konghq_unirest-java_standalone 3.11.9
	   |-- commons-validator_commons-validator 1.7
	   |-- org_jsoup_jsoup 1.16.1
	   |-- spruceui 5.1.0+1.21
	   \-- yet_another_config_lib_v3 3.6.2+1.21-fabric
	        |-- com_twelvemonkeys_common_common-image 3.12.0
	        |-- com_twelvemonkeys_common_common-io 3.12.0
	        |-- com_twelvemonkeys_common_common-lang 3.12.0
	        |-- com_twelvemonkeys_imageio_imageio-core 3.12.0
	        |-- com_twelvemonkeys_imageio_imageio-metadata 3.12.0
	        |-- com_twelvemonkeys_imageio_imageio-webp 3.12.0
	        |-- org_quiltmc_parsers_gson 0.2.1
	        \-- org_quiltmc_parsers_json 0.2.1
	- spark 1.10.109
	   \-- fabric-permissions-api-v0 0.3.1
	- taking-a-break 1.0.3
	- viabackwards 5.3.3-SNAPSHOT
	- viafabric 0.4.15+84-main
	   |-- cotton-client-commands 1.1.0+1.15.2
	   \-- viafabric-mc1211 0.4.15+84-main
	- viaversion 5.3.3-SNAPSHOT
	- wwoo 2.3.4
	- youritemsaresafe 4.7
mainEx[24May2025 17:01:33.734] [main/INFO] [FabricLoader/Mixin/]: SpongePowered MIXIN Subsystem Version=0.8.7 Source=file:/workspaces/uwus/servidor_minecraft/libraries/net/fabricmc/sponge-mixin/0.15.4+mixin.0.8.7/sponge-mixin-0.15.4+mixin.0.8.7.jar Service=Knot/Fabric Env=SERVER
mainEx[24May2025 17:01:33.972] [main/INFO] [FabricLoader/Mixin/]: Compatibility level set to JAVA_17
mainEx[24May2025 17:01:33.987] [main/INFO] [FabricLoader/Mixin/]: Compatibility level set to JAVA_21
mainEx[24May2025 17:01:34.497] [main/INFO] [Arclight/]: Using locale en_ and fallback locale en_us
mainEx[24May2025 17:01:34.503] [main/INFO] [Arclight/]: 

       ___           ___     __   /\
      /   | ________/ (_)__ / /  / /
     / /| |/ __/ __/ / / _ / _ \/__/
    / ___ / / / /_/ / / / / // / /
   /_/  |/_/  \__/_/_/\_ /_//_/ /
                     /__/     \/

    Version 诸王 (Feudal Kings) / arclight-1.21.1-1.0.1-SNAPSHOT-e9dd116
    Build Date 2025-04-26 05:56:09

mainEx[24May2025 17:01:36.278] [main/INFO] [FabricLoader/MixinExtras|Service/]: Initializing MixinExtras via com.llamalad7.mixinextras.service.MixinExtrasServiceImpl(version=0.4.1).
mainEx[24May2025 17:01:49.541] [main/INFO] [Collective/]: Loading Collective version 8.3.
mainEx[24May2025 17:01:50.508] [main/WARN] [floodgate/]: en_ is not a supported Floodgate language.
mainEx[24May2025 17:01:51.542] [main/INFO] [geyser/]: Loading extensions...
mainEx[24May2025 17:01:51.544] [main/INFO] [geyser/]: Loaded 0 extension(s)
mainEx[24May2025 17:01:51.622] [main/INFO] [Ksyxis/]: Ksyxis: Booting... (platform: Fabric, manual: false)
mainEx[24May2025 17:01:51.623] [main/INFO] [Ksyxis/]: Ksyxis: Found Mixin library. (version: 0.8.7)
mainEx[24May2025 17:01:51.623] [main/INFO] [Ksyxis/]: Ksyxis: Ready. As always, this mod will speed up your world loading and might or might not break it. (0 ms)
mainEx[24May2025 17:01:51.697] [main/WARN] [org.mineskin.MineSkinClient/]: Creating MineSkinClient without API key
mainEx[24May2025 17:01:52.404] [Via-Mappingloader-0/INFO] [ViaVersion/]: Loading block connection mappings ...
Via-Mappingloader-0Ex[24May2025 17:01:52.645] [Via-Mappingloader-0/INFO] [ViaVersion/]: Using FastUtil Long2ObjectOpenHashMap for block connections
Via-Mappingloader-0Ex[24May2025 17:01:53.032] [main/INFO] [ViaBackwards/]: Loading translations...
mainEx[24May2025 17:01:53.063] [main/INFO] [ViaBackwards/]: Registering protocols...
mainEx[24May2025 17:01:53.740] [main/INFO] [ViaVersion/]: ViaVersion detected server version: 1.21-1.21.1 (767)
mainEx[24May2025 17:01:53.758] [ViaFabric-2/INFO] [ViaVersion/]: Finished mapping loading, shutting down loader executor.
ViaFabric-2Ex[24May2025 17:01:53.834] [ViaFabric-0/INFO] [ViaVersion/]: You are running a development version of the plugin, please report any bugs to GitHub.
ViaFabric-0Ex[24May2025 17:01:54.206] [main/INFO] [HuskHomes/]: Registered 'on_load' hooks
mainEx[24May2025 17:01:54.208] [main/INFO] [HuskHomes/]: Successfully loaded HuskHomes v4.9.4
mainEx[24May2025 17:01:54.534] [main/INFO] [com.mojang.authlib.yggdrasil.YggdrasilAuthenticationService/]: Environment: Environment[sessionHost=https://sessionserver.mojang.com, servicesHost=https://api.minecraftservices.com, name=PROD]
mainEx[24May2025 17:01:58.178] [main/INFO] [net.minecraft.class_1863/]: Loaded 1374 recipes
mainEx[24May2025 17:01:58.489] [main/INFO] [net.minecraft.class_163/]: Loaded 1478 advancements
mainEx[24May2025 17:01:59.290] [main/INFO] [net.fabricmc.fabric.impl.biome.modification.BiomeModificationImpl/]: Applied 0 biome modifications to 0 of 75 new biomes in 2.524 ms
mainEx[24May2025 17:01:59.492] [Server thread/INFO] [spark/]: Starting background profiler...
Server threadEx[24May2025 17:02:00.201] [Server thread/INFO] [HuskHomes/]: Registered 'on_enable' hooks
Server threadEx[24May2025 17:02:00.206] [Server thread/INFO] [HuskHomes/]: Successfully enabled HuskHomes v4.9.4
Server threadEx[24May2025 17:02:00.213] [HuskHomes-ThreadPool/INFO] [HuskHomes/]: Registered 'after_load' hooks
HuskHomes-ThreadPoolEx[24May2025 17:02:00.220] [Server thread/INFO] [net.minecraft.class_3176/]: Starting minecraft server version 1.21.1
Server threadEx[24May2025 17:02:00.220] [Server thread/INFO] [net.minecraft.class_3176/]: Loading properties
Server threadEx[24May2025 17:02:00.220] [Server thread/INFO] [net.minecraft.class_3176/]: Default game type: SURVIVAL
Server threadEx[24May2025 17:02:00.220] [Server thread/INFO] [net.minecraft.server.MinecraftServer/]: Generating keypair
Server threadEx[24May2025 17:02:00.268] [Server thread/INFO] [net.minecraft.class_3176/]: Starting Minecraft server on *:25565
Server threadEx[24May2025 17:02:00.434] [ForkJoinPool.commonPool-worker-1/WARN] [HuskHomes/]: A new version of HuskHomes is available: v4.9.6 (running v4.9.4)
ForkJoinPool.commonPool-worker-1Ex[24May2025 17:02:00.468] [Server thread/INFO] [net.minecraft.class_3242/]: Using epoll channel type
Server threadEx[24May2025 17:02:00.627] [Server thread/WARN] [net.minecraft.class_3176/]: **** SERVER IS RUNNING IN OFFLINE/INSECURE MODE!
Server threadEx[24May2025 17:02:00.628] [Server thread/WARN] [net.minecraft.class_3176/]: The server will make no attempt to authenticate usernames. Beware.
Server threadEx[24May2025 17:02:00.628] [Server thread/WARN] [net.minecraft.class_3176/]: While this makes the game possible to play without internet access, it also opens up the ability for hackers to connect with any username they choose.
Server threadEx[24May2025 17:02:00.628] [Server thread/WARN] [net.minecraft.class_3176/]: To change this, set "online-mode" to "true" in the server.properties file.
Server threadEx[24May2025 17:02:00.979] [Server thread/INFO] [Minecraft/]: This server is running Arclight version arclight-1.21.1-1.0.1-SNAPSHOT-e9dd116 (MC: 1.21.1) (Implementing API version 1.21.1-R0.1-SNAPSHOT)
Server threadEx[24May2025 17:02:01.972] [Server thread/INFO] [Minecraft/]: *** This version of Spigot contains changes to some enums. If you notice that plugins no longer work after updating, please report this to the developers of those plugins first. ***
Server threadEx[24May2025 17:02:01.972] [Server thread/INFO] [Minecraft/]: *** If you cannot update those plugins, you can try setting `settings.compatibility.enum-compatibility-mode` to `true` in `bukkit.yml`. ***
Server threadEx[24May2025 17:02:02.055] [Server thread/INFO] [Arclight/]: Registering for Bukkit ...
Server threadEx[24May2025 17:02:02.105] [Server thread/INFO] [Arclight/]: Registered 0 new materials with 0 blocks and 0 items
Server threadEx[24May2025 17:02:02.316] [Server thread/INFO] [Arclight/]: Registered 0 new entity types
Server threadEx[24May2025 17:02:02.319] [Server thread/INFO] [Arclight/]: Registered 11 new biomes
Server threadEx[24May2025 17:02:02.346] [Server thread/INFO] [net.minecraft.class_2983/]: [STDOUT]: Server Ping Player Sample Count: 12
Server threadEx[24May2025 17:02:02.350] [Server thread/INFO] [Minecraft/]: Using 4 threads for Netty based IO
Server threadEx[24May2025 17:02:02.352] [Server thread/INFO] [Minecraft/]: Debug logging is enabled
Server threadEx[24May2025 17:02:02.538] [Server thread/INFO] [Arclight/]: Loading mappings ...
Server threadEx[24May2025 17:02:03.055] [Server thread/INFO] [Arclight/]: Loading plugin patchers ...
Server threadEx[24May2025 17:02:03.105] [Server thread/INFO] [Minecraft/]: [LagFixer] Loading 3 libraries... please wait
Server threadEx[24May2025 17:02:03.327] [Server thread/INFO] [Minecraft/]: [LagFixer] Loaded library /workspaces/uwus/servidor_minecraft/libraries/org/apache/commons/commons-lang3/3.17.0/commons-lang3-3.17.0.jar
Server threadEx[24May2025 17:02:03.327] [Server thread/INFO] [Minecraft/]: [LagFixer] Loaded library /workspaces/uwus/servidor_minecraft/libraries/commons-io/commons-io/2.18.0/commons-io-2.18.0.jar
Server threadEx[24May2025 17:02:03.327] [Server thread/INFO] [Minecraft/]: [LagFixer] Loaded library /workspaces/uwus/servidor_minecraft/libraries/com/github/oshi/oshi-core/6.8.0/oshi-core-6.8.0.jar
Server threadEx[24May2025 17:02:03.327] [Server thread/INFO] [Minecraft/]: [LagFixer] Loaded library /workspaces/uwus/servidor_minecraft/libraries/net/java/dev/jna/jna/5.17.0/jna-5.17.0.jar
Server threadEx[24May2025 17:02:03.327] [Server thread/INFO] [Minecraft/]: [LagFixer] Loaded library /workspaces/uwus/servidor_minecraft/libraries/net/java/dev/jna/jna-platform/5.17.0/jna-platform-5.17.0.jar
Server threadEx[24May2025 17:02:03.327] [Server thread/INFO] [Minecraft/]: [LagFixer] Loaded library /workspaces/uwus/servidor_minecraft/libraries/org/slf4j/slf4j-api/2.0.17/slf4j-api-2.0.17.jar
Server threadEx[24May2025 17:02:03.542] [Server thread/INFO] [PlayerCarry/]: Loading PlayerCarry v1.1
Server threadEx[24May2025 17:02:03.542] [Server thread/INFO] [OpenAudioMc/]: Loading OpenAudioMc v6.10.10
Server threadEx[24May2025 17:02:03.542] [Server thread/INFO] [Sleeper/]: Loading Sleeper v1.6.3
Server threadEx[24May2025 17:02:03.542] [Server thread/INFO] [GriefPrevention/]: Loading GriefPrevention v16.18.4
Server threadEx[24May2025 17:02:03.547] [Server thread/INFO] [net.minecraft.class_3176/]: Preparing level "world"
Server threadEx[24May2025 17:02:03.559] [Server thread/INFO] [Arclight/]: Registered 0 new dimensions
Server threadEx[24May2025 17:02:04.327] [Server thread/INFO] [Minecraft/]: -------- World Settings For [world] --------
Server threadEx[24May2025 17:02:04.327] [Server thread/INFO] [Minecraft/]: Zombie Aggressive Towards Villager: true
Server threadEx[24May2025 17:02:04.334] [Server thread/INFO] [Minecraft/]: Entity Tracking Range: Pl 48 / An 48 / Mo 48 / Mi 32 / Di 128 / Other 64
Server threadEx[24May2025 17:02:04.342] [Server thread/INFO] [Minecraft/]: Hopper Transfer: 8 Hopper Check: 1 Hopper Amount: 1 Hopper Can Load Chunks: false
Server threadEx[24May2025 17:02:04.363] [Server thread/INFO] [Minecraft/]: Custom Map Seeds:  Village: 10387312 Desert: 14357617 Igloo: 14357618 Jungle: 14357619 Swamp: 14357620 Monument: 10387313 Ocean: 14357621 Shipwreck: 165745295 End City: 10387313 Slime: 987234911 Nether: 30084232 Mansion: 10387319 Fossil: 14357921 Portal: 34222645
Server threadEx[24May2025 17:02:04.367] [Server thread/INFO] [Minecraft/]: Cactus Growth Modifier: 100%
Server threadEx[24May2025 17:02:04.367] [Server thread/INFO] [Minecraft/]: Cane Growth Modifier: 100%
Server threadEx[24May2025 17:02:04.367] [Server thread/INFO] [Minecraft/]: Melon Growth Modifier: 100%
Server threadEx[24May2025 17:02:04.367] [Server thread/INFO] [Minecraft/]: Mushroom Growth Modifier: 100%
Server threadEx[24May2025 17:02:04.367] [Server thread/INFO] [Minecraft/]: Pumpkin Growth Modifier: 100%
Server threadEx[24May2025 17:02:04.367] [Server thread/INFO] [Minecraft/]: Sapling Growth Modifier: 100%
Server threadEx[24May2025 17:02:04.367] [Server thread/INFO] [Minecraft/]: Beetroot Growth Modifier: 100%
Server threadEx[24May2025 17:02:04.367] [Server thread/INFO] [Minecraft/]: Carrot Growth Modifier: 100%
Server threadEx[24May2025 17:02:04.367] [Server thread/INFO] [Minecraft/]: Potato Growth Modifier: 100%
Server threadEx[24May2025 17:02:04.367] [Server thread/INFO] [Minecraft/]: Wheat Growth Modifier: 100%
Server threadEx[24May2025 17:02:04.367] [Server thread/INFO] [Minecraft/]: NetherWart Growth Modifier: 100%
Server threadEx[24May2025 17:02:04.367] [Server thread/INFO] [Minecraft/]: Vine Growth Modifier: 100%
Server threadEx[24May2025 17:02:04.367] [Server thread/INFO] [Minecraft/]: Cocoa Growth Modifier: 100%
Server threadEx[24May2025 17:02:04.367] [Server thread/INFO] [Minecraft/]: Bamboo Growth Modifier: 100%
Server threadEx[24May2025 17:02:04.367] [Server thread/INFO] [Minecraft/]: SweetBerry Growth Modifier: 100%
Server threadEx[24May2025 17:02:04.367] [Server thread/INFO] [Minecraft/]: Kelp Growth Modifier: 100%
Server threadEx[24May2025 17:02:04.367] [Server thread/INFO] [Minecraft/]: TwistingVines Growth Modifier: 100%
Server threadEx[24May2025 17:02:04.367] [Server thread/INFO] [Minecraft/]: WeepingVines Growth Modifier: 100%
Server threadEx[24May2025 17:02:04.367] [Server thread/INFO] [Minecraft/]: CaveVines Growth Modifier: 100%
Server threadEx[24May2025 17:02:04.368] [Server thread/INFO] [Minecraft/]: Entity Activation Range: An 32 / Mo 32 / Ra 48 / Mi 16 / Tiv true / Isa false
Server threadEx[24May2025 17:02:04.368] [Server thread/INFO] [Minecraft/]: Allow Zombie Pigmen to spawn from portal blocks: true
Server threadEx[24May2025 17:02:04.372] [Server thread/INFO] [Minecraft/]: Experience Merge Radius: 3.0
Server threadEx[24May2025 17:02:04.372] [Server thread/INFO] [Minecraft/]: Mob Spawn Range: 6
Server threadEx[24May2025 17:02:04.376] [Server thread/INFO] [Minecraft/]: Arrow Despawn Rate: 1200 Trident Respawn Rate:1200
Server threadEx[24May2025 17:02:04.376] [Server thread/INFO] [Minecraft/]: Max TNT Explosions: 100
Server threadEx[24May2025 17:02:04.376] [Server thread/INFO] [Minecraft/]: Tile Max Tick Time: 50ms Entity max Tick Time: 50ms
Server threadEx[24May2025 17:02:04.384] [Server thread/INFO] [Minecraft/]: View Distance: 10
Server threadEx[24May2025 17:02:04.384] [Server thread/INFO] [Minecraft/]: Item Merge Radius: 2.5
Server threadEx[24May2025 17:02:04.385] [Server thread/INFO] [Minecraft/]: Item Despawn Rate: 6000
Server threadEx[24May2025 17:02:04.385] [Server thread/INFO] [Minecraft/]: Nerfing mobs spawned from spawners: false
Server threadEx[24May2025 17:02:04.385] [Server thread/INFO] [Minecraft/]: Simulation Distance: 10
Server threadEx[24May2025 17:02:09.039] [Server thread/INFO] [Minecraft/]: -------- World Settings For [world/DIM-1] --------
Server threadEx[24May2025 17:02:09.040] [Server thread/INFO] [Minecraft/]: Zombie Aggressive Towards Villager: true
Server threadEx[24May2025 17:02:09.040] [Server thread/INFO] [Minecraft/]: Entity Tracking Range: Pl 48 / An 48 / Mo 48 / Mi 32 / Di 128 / Other 64
Server threadEx[24May2025 17:02:09.040] [Server thread/INFO] [Minecraft/]: Hopper Transfer: 8 Hopper Check: 1 Hopper Amount: 1 Hopper Can Load Chunks: false
Server threadEx[24May2025 17:02:09.041] [Server thread/INFO] [Minecraft/]: Custom Map Seeds:  Village: 10387312 Desert: 14357617 Igloo: 14357618 Jungle: 14357619 Swamp: 14357620 Monument: 10387313 Ocean: 14357621 Shipwreck: 165745295 End City: 10387313 Slime: 987234911 Nether: 30084232 Mansion: 10387319 Fossil: 14357921 Portal: 34222645
Server threadEx[24May2025 17:02:09.041] [Server thread/INFO] [Minecraft/]: Cactus Growth Modifier: 100%
Server threadEx[24May2025 17:02:09.041] [Server thread/INFO] [Minecraft/]: Cane Growth Modifier: 100%
Server threadEx[24May2025 17:02:09.041] [Server thread/INFO] [Minecraft/]: Melon Growth Modifier: 100%
Server threadEx[24May2025 17:02:09.042] [Server thread/INFO] [Minecraft/]: Mushroom Growth Modifier: 100%
Server threadEx[24May2025 17:02:09.042] [Server thread/INFO] [Minecraft/]: Pumpkin Growth Modifier: 100%
Server threadEx[24May2025 17:02:09.042] [Server thread/INFO] [Minecraft/]: Sapling Growth Modifier: 100%
Server threadEx[24May2025 17:02:09.042] [Server thread/INFO] [Minecraft/]: Beetroot Growth Modifier: 100%
Server threadEx[24May2025 17:02:09.042] [Server thread/INFO] [Minecraft/]: Carrot Growth Modifier: 100%
Server threadEx[24May2025 17:02:09.042] [Server thread/INFO] [Minecraft/]: Potato Growth Modifier: 100%
Server threadEx[24May2025 17:02:09.042] [Server thread/INFO] [Minecraft/]: Wheat Growth Modifier: 100%
Server threadEx[24May2025 17:02:09.042] [Server thread/INFO] [Minecraft/]: NetherWart Growth Modifier: 100%
Server threadEx[24May2025 17:02:09.042] [Server thread/INFO] [Minecraft/]: Vine Growth Modifier: 100%
Server threadEx[24May2025 17:02:09.042] [Server thread/INFO] [Minecraft/]: Cocoa Growth Modifier: 100%
Server threadEx[24May2025 17:02:09.042] [Server thread/INFO] [Minecraft/]: Bamboo Growth Modifier: 100%
Server threadEx[24May2025 17:02:09.042] [Server thread/INFO] [Minecraft/]: SweetBerry Growth Modifier: 100%
Server threadEx[24May2025 17:02:09.042] [Server thread/INFO] [Minecraft/]: Kelp Growth Modifier: 100%
Server threadEx[24May2025 17:02:09.042] [Server thread/INFO] [Minecraft/]: TwistingVines Growth Modifier: 100%
Server threadEx[24May2025 17:02:09.042] [Server thread/INFO] [Minecraft/]: WeepingVines Growth Modifier: 100%
Server threadEx[24May2025 17:02:09.042] [Server thread/INFO] [Minecraft/]: CaveVines Growth Modifier: 100%
Server threadEx[24May2025 17:02:09.042] [Server thread/INFO] [Minecraft/]: Entity Activation Range: An 32 / Mo 32 / Ra 48 / Mi 16 / Tiv true / Isa false
Server threadEx[24May2025 17:02:09.042] [Server thread/INFO] [Minecraft/]: Allow Zombie Pigmen to spawn from portal blocks: true
Server threadEx[24May2025 17:02:09.042] [Server thread/INFO] [Minecraft/]: Experience Merge Radius: 3.0
Server threadEx[24May2025 17:02:09.042] [Server thread/INFO] [Minecraft/]: Mob Spawn Range: 6
Server threadEx[24May2025 17:02:09.042] [Server thread/INFO] [Minecraft/]: Arrow Despawn Rate: 1200 Trident Respawn Rate:1200
Server threadEx[24May2025 17:02:09.042] [Server thread/INFO] [Minecraft/]: Max TNT Explosions: 100
Server threadEx[24May2025 17:02:09.042] [Server thread/INFO] [Minecraft/]: Tile Max Tick Time: 50ms Entity max Tick Time: 50ms
Server threadEx[24May2025 17:02:09.042] [Server thread/INFO] [Minecraft/]: View Distance: 10
Server threadEx[24May2025 17:02:09.042] [Server thread/INFO] [Minecraft/]: Item Merge Radius: 2.5
Server threadEx[24May2025 17:02:09.042] [Server thread/INFO] [Minecraft/]: Item Despawn Rate: 6000
Server threadEx[24May2025 17:02:09.042] [Server thread/INFO] [Minecraft/]: Nerfing mobs spawned from spawners: false
Server threadEx[24May2025 17:02:09.042] [Server thread/INFO] [Minecraft/]: Simulation Distance: 10
Server threadEx[24May2025 17:02:09.136] [Server thread/INFO] [Minecraft/]: -------- World Settings For [world/DIM1] --------
Server threadEx[24May2025 17:02:09.136] [Server thread/INFO] [Minecraft/]: Zombie Aggressive Towards Villager: true
Server threadEx[24May2025 17:02:09.136] [Server thread/INFO] [Minecraft/]: Entity Tracking Range: Pl 48 / An 48 / Mo 48 / Mi 32 / Di 128 / Other 64
Server threadEx[24May2025 17:02:09.136] [Server thread/INFO] [Minecraft/]: Hopper Transfer: 8 Hopper Check: 1 Hopper Amount: 1 Hopper Can Load Chunks: false
Server threadEx[24May2025 17:02:09.136] [Server thread/INFO] [Minecraft/]: Custom Map Seeds:  Village: 10387312 Desert: 14357617 Igloo: 14357618 Jungle: 14357619 Swamp: 14357620 Monument: 10387313 Ocean: 14357621 Shipwreck: 165745295 End City: 10387313 Slime: 987234911 Nether: 30084232 Mansion: 10387319 Fossil: 14357921 Portal: 34222645
Server threadEx[24May2025 17:02:09.136] [Server thread/INFO] [Minecraft/]: Cactus Growth Modifier: 100%
Server threadEx[24May2025 17:02:09.137] [Server thread/INFO] [Minecraft/]: Cane Growth Modifier: 100%
Server threadEx[24May2025 17:02:09.137] [Server thread/INFO] [Minecraft/]: Melon Growth Modifier: 100%
Server threadEx[24May2025 17:02:09.137] [Server thread/INFO] [Minecraft/]: Mushroom Growth Modifier: 100%
Server threadEx[24May2025 17:02:09.137] [Server thread/INFO] [Minecraft/]: Pumpkin Growth Modifier: 100%
Server threadEx[24May2025 17:02:09.137] [Server thread/INFO] [Minecraft/]: Sapling Growth Modifier: 100%
Server threadEx[24May2025 17:02:09.137] [Server thread/INFO] [Minecraft/]: Beetroot Growth Modifier: 100%
Server threadEx[24May2025 17:02:09.137] [Server thread/INFO] [Minecraft/]: Carrot Growth Modifier: 100%
Server threadEx[24May2025 17:02:09.137] [Server thread/INFO] [Minecraft/]: Potato Growth Modifier: 100%
Server threadEx[24May2025 17:02:09.137] [Server thread/INFO] [Minecraft/]: Wheat Growth Modifier: 100%
Server threadEx[24May2025 17:02:09.137] [Server thread/INFO] [Minecraft/]: NetherWart Growth Modifier: 100%
Server threadEx[24May2025 17:02:09.137] [Server thread/INFO] [Minecraft/]: Vine Growth Modifier: 100%
Server threadEx[24May2025 17:02:09.137] [Server thread/INFO] [Minecraft/]: Cocoa Growth Modifier: 100%
Server threadEx[24May2025 17:02:09.137] [Server thread/INFO] [Minecraft/]: Bamboo Growth Modifier: 100%
Server threadEx[24May2025 17:02:09.137] [Server thread/INFO] [Minecraft/]: SweetBerry Growth Modifier: 100%
Server threadEx[24May2025 17:02:09.137] [Server thread/INFO] [Minecraft/]: Kelp Growth Modifier: 100%
Server threadEx[24May2025 17:02:09.137] [Server thread/INFO] [Minecraft/]: TwistingVines Growth Modifier: 100%
Server threadEx[24May2025 17:02:09.137] [Server thread/INFO] [Minecraft/]: WeepingVines Growth Modifier: 100%
Server threadEx[24May2025 17:02:09.137] [Server thread/INFO] [Minecraft/]: CaveVines Growth Modifier: 100%
Server threadEx[24May2025 17:02:09.137] [Server thread/INFO] [Minecraft/]: Entity Activation Range: An 32 / Mo 32 / Ra 48 / Mi 16 / Tiv true / Isa false
Server threadEx[24May2025 17:02:09.137] [Server thread/INFO] [Minecraft/]: Allow Zombie Pigmen to spawn from portal blocks: true
Server threadEx[24May2025 17:02:09.137] [Server thread/INFO] [Minecraft/]: Experience Merge Radius: 3.0
Server threadEx[24May2025 17:02:09.137] [Server thread/INFO] [Minecraft/]: Mob Spawn Range: 6
Server threadEx[24May2025 17:02:09.137] [Server thread/INFO] [Minecraft/]: Arrow Despawn Rate: 1200 Trident Respawn Rate:1200
Server threadEx[24May2025 17:02:09.137] [Server thread/INFO] [Minecraft/]: Max TNT Explosions: 100
Server threadEx[24May2025 17:02:09.137] [Server thread/INFO] [Minecraft/]: Tile Max Tick Time: 50ms Entity max Tick Time: 50ms
Server threadEx[24May2025 17:02:09.137] [Server thread/INFO] [Minecraft/]: View Distance: 10
Server threadEx[24May2025 17:02:09.137] [Server thread/INFO] [Minecraft/]: Item Merge Radius: 2.5
Server threadEx[24May2025 17:02:09.137] [Server thread/INFO] [Minecraft/]: Item Despawn Rate: 6000
Server threadEx[24May2025 17:02:09.137] [Server thread/INFO] [Minecraft/]: Nerfing mobs spawned from spawners: false
Server threadEx[24May2025 17:02:09.137] [Server thread/INFO] [Minecraft/]: Simulation Distance: 10
Server threadEx[24May2025 17:02:09.152] [Server thread/INFO] [PlayerCarry/]: Enabling PlayerCarry v1.1
Server threadEx[24May2025 17:02:10.105] [Server thread/INFO] [com.mojang.authlib.yggdrasil.YggdrasilAuthenticationService/]: Environment: Environment[sessionHost=https://sessionserver.mojang.com, servicesHost=https://api.minecraftservices.com, name=PROD]
Server threadEx[24May2025 17:02:10.505] [Server thread/INFO] [OpenAudioMc/]: Enabling OpenAudioMc v6.10.10
Server threadEx[24May2025 17:02:10.525] [Server thread/INFO] [OpenAudioMc/]: [info] Starting OpenAudioMc, build 1543 by Mats
Server threadEx[24May2025 17:02:10.556] [Server thread/INFO] [OpenAudioMc/]: [info] Using the main config file..
Server threadEx[24May2025 17:02:10.568] [Server thread/INFO] [OpenAudioMc/]: [info] Starting configuration module
Server threadEx[24May2025 17:02:10.569] [Server thread/INFO] [OpenAudioMc/]: [info] Using the main config file..
Server threadEx[24May2025 17:02:10.569] [Server thread/INFO] [OpenAudioMc/]: [info] Starting configuration module
Server threadEx[24May2025 17:02:10.578] [Server thread/INFO] [OpenAudioMc/]: [info] Detected md_5 chat support, using default user adapter
Server threadEx[24May2025 17:02:10.596] [Server thread/INFO] [OpenAudioMc/]: [info] Skipped 45/45 migrations.
Server threadEx[24May2025 17:02:10.597] [Server thread/INFO] [OpenAudioMc/]: [info] ModuleLoaderService: Loading modules from /workspaces/uwus/servidor_minecraft/plugins/OpenAudioMc/modules
Server threadEx[24May2025 17:02:10.601] [Server thread/INFO] [OpenAudioMc/]: [info] Using networking class com.craftmend.openaudiomc.generic.networking.DefaultNetworkingService
Server threadEx[24May2025 17:02:10.609] [Server thread/INFO] [OpenAudioMc/]: [info] Initializing connection service...
Server threadEx[24May2025 17:02:10.624] [Server thread/INFO] [OpenAudioMc/]: [info] Starting authentication module
Server threadEx[24May2025 17:02:10.624] [Server thread/INFO] [OpenAudioMc/]: [info] This server already has an account, skipping sign up.
Server threadEx[24May2025 17:02:10.656] [Server thread/INFO] [OpenAudioMc/]: [info] DatabaseService: Adding spigot tables
Server threadEx[24May2025 17:02:10.657] [Server thread/INFO] [OpenAudioMc/]: [info] Registering storage table for Alias
Server threadEx[24May2025 17:02:10.669] [Server thread/INFO] [OpenAudioMc/]: [info] DatabaseService: Registering class <-> table (alias<->Alias.java)
Server threadEx[24May2025 17:02:10.674] [Server thread/INFO] [OpenAudioMc/]: [info] Registering storage table for ClientDataStore
Server threadEx[24May2025 17:02:10.675] [Server thread/INFO] [OpenAudioMc/]: [info] DatabaseService: Registering class <-> table (client_data_store<->ClientDataStore.java)
Server threadEx[24May2025 17:02:10.677] [Server thread/INFO] [OpenAudioMc/]: [info] Registering storage table for MojangProfile
Server threadEx[24May2025 17:02:10.677] [Server thread/INFO] [OpenAudioMc/]: [info] DatabaseService: Registering class <-> table (mojang_profile<->MojangProfile.java)
Server threadEx[24May2025 17:02:10.678] [Server thread/INFO] [OpenAudioMc/]: [info] Registering storage table for RegionProperties
Server threadEx[24May2025 17:02:10.680] [Server thread/INFO] [OpenAudioMc/]: [info] DatabaseService: Registering class <-> table (region_properties<->RegionProperties.java)
Server threadEx[24May2025 17:02:10.682] [Server thread/INFO] [OpenAudioMc/]: [info] Registering storage table for Speaker
Server threadEx[24May2025 17:02:10.685] [Server thread/INFO] [OpenAudioMc/]: [info] DatabaseService: Registering class <-> table (speaker<->Speaker.java)
Server threadEx[24May2025 17:02:10.687] [Server thread/INFO] [OpenAudioMc/]: [info] Registering storage table for StoredWorldChunk
Server threadEx[24May2025 17:02:10.688] [Server thread/INFO] [OpenAudioMc/]: [info] DatabaseService: Registering class <-> table (stored_world_chunk<->StoredWorldChunk.java)
Server threadEx[24May2025 17:02:10.690] [Server thread/INFO] [OpenAudioMc/]: [info] Registering storage table for TimedRegionProperties
Server threadEx[24May2025 17:02:10.692] [Server thread/INFO] [OpenAudioMc/]: [info] DatabaseService: Registering class <-> table (timed_region_properties<->TimedRegionProperties.java)
Server threadEx[24May2025 17:02:10.693] [Server thread/INFO] [OpenAudioMc/]: [info] Registering storage table for MediaRule
Server threadEx[24May2025 17:02:10.694] [Server thread/INFO] [OpenAudioMc/]: [info] DatabaseService: Registering class <-> table (media_rule<->MediaRule.java)
Server threadEx[24May2025 17:02:10.750] [Server thread/INFO] [OpenAudioMc/]: [info] Initializing account details
Server threadEx[24May2025 17:02:11.564] [Server thread/INFO] [OpenAudioMc/]: [info] The server is empty! ignoring voice chat.
Server threadEx[24May2025 17:02:11.591] [Server thread/INFO] [OpenAudioMc/]: [info] Loading aliases...
Server threadEx[24May2025 17:02:11.597] [Server thread/INFO] [OpenAudioMc/]: [info] Loaded 0 aliases
Server threadEx[24May2025 17:02:11.601] [Server thread/INFO] [OpenAudioMc/]: [info] Detected version type: MODERN
Server threadEx[24May2025 17:02:11.614] [Server thread/INFO] [OpenAudioMc/]: [info] Enabling the 1.13 speaker system
Server threadEx[24May2025 17:02:11.621] [Server thread/INFO] [OpenAudioMc/]: [info] Starting redstone speaker tick task with interval 5 ticks
Server threadEx[24May2025 17:02:11.664] [Server thread/INFO] [OpenAudioMc/]: [info] Registering storage table for Playlist
Server threadEx[24May2025 17:02:11.666] [Server thread/INFO] [OpenAudioMc/]: [info] DatabaseService: Registering class <-> table (playlists<->Playlist.java)
Server threadEx[24May2025 17:02:11.667] [Server thread/INFO] [OpenAudioMc/]: [info] Registering storage table for PlaylistEntry
Server threadEx[24May2025 17:02:11.667] [Server thread/INFO] [OpenAudioMc/]: [info] DatabaseService: Registering class <-> table (playlist_entries<->PlaylistEntry.java)
Server threadEx[24May2025 17:02:11.682] [Server thread/INFO] [OpenAudioMc/]: [info] Loaded 0 media chunks from file.
Server threadEx[24May2025 17:02:11.697] [Server thread/INFO] [OpenAudioMc/]: [info] Loading static voice channels..
Server threadEx[24May2025 17:02:11.698] [Server thread/INFO] [OpenAudioMc/]: [info] Created static channel: survival
Server threadEx[24May2025 17:02:11.698] [Server thread/INFO] [OpenAudioMc/]: [info] Created static channel: off-topic
Server threadEx[24May2025 17:02:11.699] [Server thread/INFO] [OpenAudioMc/]: [info] Created static channel: staff-chat
Server threadEx[24May2025 17:02:11.699] [Server thread/INFO] [OpenAudioMc/]: [info] Loaded 3 static voice channels
Server threadEx[24May2025 17:02:11.707] [Server thread/INFO] [OpenAudioMc/]: [info] The legacy cdn exporter is disabled, skipping boot.
Server threadEx[24May2025 17:02:11.708] [Server thread/INFO] [OpenAudioMc/]: [info] Starting and loading took 8225MS
Server threadEx[24May2025 17:02:11.708] [Server thread/INFO] [Sleeper/]: Enabling Sleeper v1.6.3
Server threadEx[24May2025 17:02:11.709] [Server thread/INFO] [Sleeper/]: Sleeper Version 1.6.3 Has Been Enabled!
Server threadEx[24May2025 17:02:11.728] [Server thread/INFO] [GriefPrevention/]: Enabling GriefPrevention v16.18.4
Server threadEx[24May2025 17:02:11.745] [Server thread/INFO] [GriefPrevention/]: Finished loading configuration.
Server threadEx[24May2025 17:02:11.750] [Server thread/INFO] [GriefPrevention/]: 0 total claims loaded.
Server threadEx[24May2025 17:02:12.062] [Server thread/INFO] [GriefPrevention/]: Customizable messages loaded.
Server threadEx[24May2025 17:02:12.068] [Server thread/INFO] [GriefPrevention/]: Finished loading data (File Mode).
Server threadEx[24May2025 17:02:12.152] [Server thread/INFO] [GriefPrevention/]: Boot finished.
Server threadEx[24May2025 17:02:12.181] [Server thread/INFO] [Minecraft/]: Server permissions file permissions.yml is empty, ignoring it
Server threadEx[24May2025 17:02:12.198] [Server thread/INFO] [Ksyxis/MinecraftServerMixin/]: Ksyxis: Hey. This is Ksyxis. We will now load the world and will try to do it quickly. If the game is not responding after this, it's probably us to blame or delete for good. This message appears always, even if the mod works flawlessly. (modern)
Server threadEx[24May2025 17:02:12.199] [Server thread/INFO] [net.minecraft.server.MinecraftServer/]: Preparing start region for dimension minecraft:overworld
Server threadEx[24May2025 17:02:12.254] [Server thread/INFO] [net.minecraft.class_3951/]: Time elapsed: 56 ms
Server threadEx[24May2025 17:02:12.255] [Server thread/INFO] [net.minecraft.class_3176/]: Done (8.709s)! For help, type "help"
Server threadEx[24May2025 17:02:12.323] [Server thread/INFO] [floodgate/]: Took 37ms to boot Floodgate
Server threadEx[24May2025 17:02:12.324] [Server thread/INFO] [geyser/]: ******************************************
Server threadEx[24May2025 17:02:12.324] [Server thread/INFO] [geyser/]: 
Server threadEx[24May2025 17:02:12.324] [Server thread/INFO] [geyser/]: Loading Geyser version 2.4.4-b705 (git-master-d61ad7b)
Server threadEx[24May2025 17:02:12.324] [Server thread/INFO] [geyser/]: 
Server threadEx[24May2025 17:02:12.324] [Server thread/INFO] [geyser/]: ******************************************
Server threadEx[24May2025 17:02:16.808] [epollEventLoopGroup-3-1/INFO] [geyser/]: Started Geyser on UDP port 3870
epollEventLoopGroup-3-1Ex[24May2025 17:02:16.831] [Server thread/INFO] [geyser/]: Done (4.507s)! Run /geyser help for help!
Server threadEx[24May2025 17:02:16.894] [ForkJoinPool.commonPool-worker-1/INFO] [geyser/]: [32;1mThere's a new Geyser update available to support Bedrock version 1.21.80. Download it here: [34;1m[4mhttps://geysermc.org/download[0m
ForkJoinPool.commonPool-worker-1Ex[24May2025 17:02:16.896] [Server thread/INFO] [snownee.jade.Jade/]: Start loading plugin from Jade: snownee.jade.addon.core.CorePlugin
Server threadEx[24May2025 17:02:16.922] [Server thread/INFO] [snownee.jade.Jade/]: Start loading plugin from Jade: snownee.jade.addon.vanilla.VanillaPlugin
Server threadEx[24May2025 17:02:16.953] [Server thread/INFO] [snownee.jade.Jade/]: Start loading plugin from Jade: snownee.jade.addon.universal.UniversalPlugin
Server threadEx[24May2025 17:02:16.961] [Server thread/INFO] [snownee.jade.Jade/]: Start loading plugin from Jade: snownee.jade.addon.access.AccessibilityPlugin
Server threadEx[24May2025 17:02:16.962] [Server thread/INFO] [snownee.jade.Jade/]: Start loading plugin from Jade: snownee.jade.addon.debug.DebugPlugin
Server threadEx[24May2025 17:02:16.985] [Server thread/WARN] [net.minecraft.server.MinecraftServer/]: Can't keep up! Is the server overloaded? Running 4703ms or 94 ticks behind
Server threadEx